# JRE version: OpenJDK Runtime Environment Temurin-21.0.6+7 (21.0.6+7) (build 21.0.6+7-LTS)
# Java VM: OpenJDK 64-Bit Server VM Temurin-21.0.6+7 (21.0.6+7-LTS, mixed mode, sharing, tiered, compressed oops, compressed class ptrs, parallel gc, windows-amd64)
GC Precious Log:
 CardTable entry size: 512
 CPUs: 20 total, 20 available
 Memory: 32620M
 Large Page Support: Disabled
 NUMA Support: Disabled
 Compressed Oops: Enabled (32-bit)
 Alignments: Space 512K, Generation 512K, Heap 2M
 Heap Min Capacity: 100M
 Heap Initial Capacity: 100M
 Heap Max Capacity: 1G
 Pre-touch: Disabled
 Parallel Workers: 15
Heap:
 PSYoungGen      total 7168K, used 7140K [0x00000000eab00000, 0x00000000eba00000, 0x0000000100000000)
  eden space 5120K, 100% used [0x00000000eab00000,0x00000000eb000000,0x00000000eb000000)
  from space 2048K, 98% used [0x00000000eb000000,0x00000000eb1f92e0,0x00000000eb200000)
  to   space 4608K, 31% used [0x00000000eb580000,0x00000000eb705018,0x00000000eba00000)
 ParOldGen       total 365568K, used 365462K [0x00000000c0000000, 0x00000000d6500000, 0x00000000eab00000)
  object space 365568K, 99% used [0x00000000c0000000,0x00000000d64e5bf0,0x00000000d6500000)
 Metaspace       used 72184K, committed 73728K, reserved 1179648K
  class space    used 7614K, committed 8320K, reserved 1048576K
GC Heap History (20 events):
Event: 9.552 GC heap before
{Heap before GC invocations=297 (full 3):
 PSYoungGen      total 4096K, used 3487K [0x00000000eab00000, 0x00000000eb000000, 0x0000000100000000)
  eden space 2560K, 100% used [0x00000000eab00000,0x00000000ead80000,0x00000000ead80000)
  from space 1536K, 60% used [0x00000000ead80000,0x00000000eae67c10,0x00000000eaf00000)
  to   space 1024K, 0% used [0x00000000eaf00000,0x00000000eaf00000,0x00000000eb000000)
 ParOldGen       total 342528K, used 342467K [0x00000000c0000000, 0x00000000d4e80000, 0x00000000eab00000)
  object space 342528K, 99% used [0x00000000c0000000,0x00000000d4e70d50,0x00000000d4e80000)
 Metaspace       used 72184K, committed 73728K, reserved 1179648K
  class space    used 7614K, committed 8320K, reserved 1048576K
}
Event: 9.553 GC heap after
{Heap after GC invocations=297 (full 3):
 PSYoungGen      total 3584K, used 960K [0x00000000eab00000, 0x00000000eb000000, 0x0000000100000000)
  eden space 2560K, 0% used [0x00000000eab00000,0x00000000eab00000,0x00000000ead80000)
  from space 1024K, 93% used [0x00000000eaf00000,0x00000000eaff0000,0x00000000eb000000)
  to   space 1024K, 0% used [0x00000000eae00000,0x00000000eae00000,0x00000000eaf00000)
 ParOldGen       total 343552K, used 343242K [0x00000000c0000000, 0x00000000d4f80000, 0x00000000eab00000)
  object space 343552K, 99% used [0x00000000c0000000,0x00000000d4f32960,0x00000000d4f80000)
 Metaspace       used 72184K, committed 73728K, reserved 1179648K
  class space    used 7614K, committed 8320K, reserved 1048576K
}
Event: 9.557 GC heap before
{Heap before GC invocations=298 (full 3):
 PSYoungGen      total 3584K, used 3520K [0x00000000eab00000, 0x00000000eb000000, 0x0000000100000000)
  eden space 2560K, 100% used [0x00000000eab00000,0x00000000ead80000,0x00000000ead80000)
  from space 1024K, 93% used [0x00000000eaf00000,0x00000000eaff0000,0x00000000eb000000)
  to   space 1024K, 0% used [0x00000000eae00000,0x00000000eae00000,0x00000000eaf00000)
 ParOldGen       total 343552K, used 343242K [0x00000000c0000000, 0x00000000d4f80000, 0x00000000eab00000)
  object space 343552K, 99% used [0x00000000c0000000,0x00000000d4f32960,0x00000000d4f80000)
 Metaspace       used 72184K, committed 73728K, reserved 1179648K
  class space    used 7614K, committed 8320K, reserved 1048576K
}
Event: 9.558 GC heap after
{Heap after GC invocations=298 (full 3):
 PSYoungGen      total 3584K, used 1001K [0x00000000eab00000, 0x00000000eaf80000, 0x0000000100000000)
  eden space 2560K, 0% used [0x00000000eab00000,0x00000000eab00000,0x00000000ead80000)
  from space 1024K, 97% used [0x00000000eae00000,0x00000000eaefa5a0,0x00000000eaf00000)
  to   space 512K, 0% used [0x00000000eaf00000,0x00000000eaf00000,0x00000000eaf80000)
 ParOldGen       total 344064K, used 343982K [0x00000000c0000000, 0x00000000d5000000, 0x00000000eab00000)
  object space 344064K, 99% used [0x00000000c0000000,0x00000000d4feb810,0x00000000d5000000)
 Metaspace       used 72184K, committed 73728K, reserved 1179648K
  class space    used 7614K, committed 8320K, reserved 1048576K
}
Event: 9.562 GC heap before
{Heap before GC invocations=299 (full 3):
 PSYoungGen      total 3584K, used 3561K [0x00000000eab00000, 0x00000000eaf80000, 0x0000000100000000)
  eden space 2560K, 100% used [0x00000000eab00000,0x00000000ead80000,0x00000000ead80000)
  from space 1024K, 97% used [0x00000000eae00000,0x00000000eaefa5a0,0x00000000eaf00000)
  to   space 512K, 0% used [0x00000000eaf00000,0x00000000eaf00000,0x00000000eaf80000)
 ParOldGen       total 344064K, used 343982K [0x00000000c0000000, 0x00000000d5000000, 0x00000000eab00000)
  object space 344064K, 99% used [0x00000000c0000000,0x00000000d4feb810,0x00000000d5000000)
 Metaspace       used 72184K, committed 73728K, reserved 1179648K
  class space    used 7614K, committed 8320K, reserved 1048576K
}
Event: 9.563 GC heap after
{Heap after GC invocations=299 (full 3):
 PSYoungGen      total 2560K, used 510K [0x00000000eab00000, 0x00000000eb180000, 0x0000000100000000)
  eden space 2048K, 0% used [0x00000000eab00000,0x00000000eab00000,0x00000000ead00000)
  from space 512K, 99% used [0x00000000eaf00000,0x00000000eaf7f870,0x00000000eaf80000)
  to   space 2048K, 0% used [0x00000000ead00000,0x00000000ead00000,0x00000000eaf00000)
 ParOldGen       total 345600K, used 345111K [0x00000000c0000000, 0x00000000d5180000, 0x00000000eab00000)
  object space 345600K, 99% used [0x00000000c0000000,0x00000000d5105c30,0x00000000d5180000)
 Metaspace       used 72184K, committed 73728K, reserved 1179648K
  class space    used 7614K, committed 8320K, reserved 1048576K
}
Event: 9.564 GC heap before
{Heap before GC invocations=300 (full 3):
 PSYoungGen      total 2560K, used 2558K [0x00000000eab00000, 0x00000000eb180000, 0x0000000100000000)
  eden space 2048K, 100% used [0x00000000eab00000,0x00000000ead00000,0x00000000ead00000)
  from space 512K, 99% used [0x00000000eaf00000,0x00000000eaf7f870,0x00000000eaf80000)
  to   space 2048K, 0% used [0x00000000ead00000,0x00000000ead00000,0x00000000eaf00000)
 ParOldGen       total 345600K, used 345111K [0x00000000c0000000, 0x00000000d5180000, 0x00000000eab00000)
  object space 345600K, 99% used [0x00000000c0000000,0x00000000d5105c30,0x00000000d5180000)
 Metaspace       used 72184K, committed 73728K, reserved 1179648K
  class space    used 7614K, committed 8320K, reserved 1048576K
}
Event: 9.565 GC heap after
{Heap after GC invocations=300 (full 3):
 PSYoungGen      total 3072K, used 830K [0x00000000eab00000, 0x00000000eb000000, 0x0000000100000000)
  eden space 2048K, 0% used [0x00000000eab00000,0x00000000eab00000,0x00000000ead00000)
  from space 1024K, 81% used [0x00000000ead00000,0x00000000eadcfa18,0x00000000eae00000)
  to   space 1536K, 0% used [0x00000000eae80000,0x00000000eae80000,0x00000000eb000000)
 ParOldGen       total 346112K, used 345630K [0x00000000c0000000, 0x00000000d5200000, 0x00000000eab00000)
  object space 346112K, 99% used [0x00000000c0000000,0x00000000d5187980,0x00000000d5200000)
 Metaspace       used 72184K, committed 73728K, reserved 1179648K
  class space    used 7614K, committed 8320K, reserved 1048576K
}
Event: 9.567 GC heap before
{Heap before GC invocations=301 (full 3):
 PSYoungGen      total 3072K, used 2878K [0x00000000eab00000, 0x00000000eb000000, 0x0000000100000000)
  eden space 2048K, 100% used [0x00000000eab00000,0x00000000ead00000,0x00000000ead00000)
  from space 1024K, 81% used [0x00000000ead00000,0x00000000eadcfa18,0x00000000eae00000)
  to   space 1536K, 0% used [0x00000000eae80000,0x00000000eae80000,0x00000000eb000000)
 ParOldGen       total 346112K, used 345630K [0x00000000c0000000, 0x00000000d5200000, 0x00000000eab00000)
  object space 346112K, 99% used [0x00000000c0000000,0x00000000d5187980,0x00000000d5200000)
 Metaspace       used 72184K, committed 73728K, reserved 1179648K
  class space    used 7614K, committed 8320K, reserved 1048576K
}
Event: 9.567 GC heap after
{Heap after GC invocations=301 (full 3):
 PSYoungGen      total 3072K, used 839K [0x00000000eab00000, 0x00000000eaf80000, 0x0000000100000000)
  eden space 2048K, 0% used [0x00000000eab00000,0x00000000eab00000,0x00000000ead00000)
  from space 1024K, 81% used [0x00000000eae80000,0x00000000eaf51cc8,0x00000000eaf80000)
  to   space 1024K, 0% used [0x00000000ead00000,0x00000000ead00000,0x00000000eae00000)
 ParOldGen       total 346624K, used 346342K [0x00000000c0000000, 0x00000000d5280000, 0x00000000eab00000)
  object space 346624K, 99% used [0x00000000c0000000,0x00000000d5239a90,0x00000000d5280000)
 Metaspace       used 72184K, committed 73728K, reserved 1179648K
  class space    used 7614K, committed 8320K, reserved 1048576K
}
Event: 9.569 GC heap before
{Heap before GC invocations=302 (full 3):
 PSYoungGen      total 3072K, used 2887K [0x00000000eab00000, 0x00000000eaf80000, 0x0000000100000000)
  eden space 2048K, 100% used [0x00000000eab00000,0x00000000ead00000,0x00000000ead00000)
  from space 1024K, 81% used [0x00000000eae80000,0x00000000eaf51cc8,0x00000000eaf80000)
  to   space 1024K, 0% used [0x00000000ead00000,0x00000000ead00000,0x00000000eae00000)
 ParOldGen       total 346624K, used 346342K [0x00000000c0000000, 0x00000000d5280000, 0x00000000eab00000)
  object space 346624K, 99% used [0x00000000c0000000,0x00000000d5239a90,0x00000000d5280000)
 Metaspace       used 72184K, committed 73728K, reserved 1179648K
  class space    used 7614K, committed 8320K, reserved 1048576K
}
Event: 9.570 GC heap after
{Heap after GC invocations=302 (full 3):
 PSYoungGen      total 3072K, used 818K [0x00000000eab00000, 0x00000000eaf00000, 0x0000000100000000)
  eden space 2048K, 0% used [0x00000000eab00000,0x00000000eab00000,0x00000000ead00000)
  from space 1024K, 79% used [0x00000000ead00000,0x00000000eadcc818,0x00000000eae00000)
  to   space 1024K, 0% used [0x00000000eae00000,0x00000000eae00000,0x00000000eaf00000)
 ParOldGen       total 347136K, used 347024K [0x00000000c0000000, 0x00000000d5300000, 0x00000000eab00000)
  object space 347136K, 99% used [0x00000000c0000000,0x00000000d52e41e8,0x00000000d5300000)
 Metaspace       used 72184K, committed 73728K, reserved 1179648K
  class space    used 7614K, committed 8320K, reserved 1048576K
}
Event: 9.571 GC heap before
{Heap before GC invocations=303 (full 3):
 PSYoungGen      total 3072K, used 2854K [0x00000000eab00000, 0x00000000eaf00000, 0x0000000100000000)
  eden space 2048K, 99% used [0x00000000eab00000,0x00000000eacfd0f0,0x00000000ead00000)
  from space 1024K, 79% used [0x00000000ead00000,0x00000000eadcc818,0x00000000eae00000)
  to   space 1024K, 0% used [0x00000000eae00000,0x00000000eae00000,0x00000000eaf00000)
 ParOldGen       total 347136K, used 347024K [0x00000000c0000000, 0x00000000d5300000, 0x00000000eab00000)
  object space 347136K, 99% used [0x00000000c0000000,0x00000000d52e41e8,0x00000000d5300000)
 Metaspace       used 72184K, committed 73728K, reserved 1179648K
  class space    used 7614K, committed 8320K, reserved 1048576K
}
Event: 9.572 GC heap after
{Heap after GC invocations=303 (full 3):
 PSYoungGen      total 2560K, used 1008K [0x00000000eab00000, 0x00000000eb000000, 0x0000000100000000)
  eden space 1536K, 0% used [0x00000000eab00000,0x00000000eab00000,0x00000000eac80000)
  from space 1024K, 98% used [0x00000000eae00000,0x00000000eaefc300,0x00000000eaf00000)
  to   space 1536K, 0% used [0x00000000eac80000,0x00000000eac80000,0x00000000eae00000)
 ParOldGen       total 348160K, used 347745K [0x00000000c0000000, 0x00000000d5400000, 0x00000000eab00000)
  object space 348160K, 99% used [0x00000000c0000000,0x00000000d5398618,0x00000000d5400000)
 Metaspace       used 72184K, committed 73728K, reserved 1179648K
  class space    used 7614K, committed 8320K, reserved 1048576K
}
Event: 9.572 GC heap before
{Heap before GC invocations=304 (full 3):
 PSYoungGen      total 2560K, used 2513K [0x00000000eab00000, 0x00000000eb000000, 0x0000000100000000)
  eden space 1536K, 97% used [0x00000000eab00000,0x00000000eac78458,0x00000000eac80000)
  from space 1024K, 98% used [0x00000000eae00000,0x00000000eaefc300,0x00000000eaf00000)
  to   space 1536K, 0% used [0x00000000eac80000,0x00000000eac80000,0x00000000eae00000)
 ParOldGen       total 348160K, used 347745K [0x00000000c0000000, 0x00000000d5400000, 0x00000000eab00000)
  object space 348160K, 99% used [0x00000000c0000000,0x00000000d5398618,0x00000000d5400000)
 Metaspace       used 72184K, committed 73728K, reserved 1179648K
  class space    used 7614K, committed 8320K, reserved 1048576K
}
Event: 9.573 GC heap after
{Heap after GC invocations=304 (full 3):
 PSYoungGen      total 3072K, used 875K [0x00000000eab00000, 0x00000000eaf00000, 0x0000000100000000)
  eden space 1536K, 0% used [0x00000000eab00000,0x00000000eab00000,0x00000000eac80000)
  from space 1536K, 57% used [0x00000000eac80000,0x00000000ead5ae28,0x00000000eae00000)
  to   space 1024K, 0% used [0x00000000eae00000,0x00000000eae00000,0x00000000eaf00000)
 ParOldGen       total 348672K, used 348558K [0x00000000c0000000, 0x00000000d5480000, 0x00000000eab00000)
  object space 348672K, 99% used [0x00000000c0000000,0x00000000d5463b58,0x00000000d5480000)
 Metaspace       used 72184K, committed 73728K, reserved 1179648K
  class space    used 7614K, committed 8320K, reserved 1048576K
}
Event: 9.574 GC heap before
{Heap before GC invocations=305 (full 3):
 PSYoungGen      total 3072K, used 2399K [0x00000000eab00000, 0x00000000eaf00000, 0x0000000100000000)
  eden space 1536K, 99% used [0x00000000eab00000,0x00000000eac7cdf8,0x00000000eac80000)
  from space 1536K, 57% used [0x00000000eac80000,0x00000000ead5ae28,0x00000000eae00000)
  to   space 1024K, 0% used [0x00000000eae00000,0x00000000eae00000,0x00000000eaf00000)
 ParOldGen       total 348672K, used 348558K [0x00000000c0000000, 0x00000000d5480000, 0x00000000eab00000)
  object space 348672K, 99% used [0x00000000c0000000,0x00000000d5463b58,0x00000000d5480000)
 Metaspace       used 72184K, committed 73728K, reserved 1179648K
  class space    used 7614K, committed 8320K, reserved 1048576K
}
Event: 9.575 GC heap after
{Heap after GC invocations=305 (full 3):
 PSYoungGen      total 3072K, used 902K [0x00000000eab00000, 0x00000000eaf00000, 0x0000000100000000)
  eden space 2048K, 0% used [0x00000000eab00000,0x00000000eab00000,0x00000000ead00000)
  from space 1024K, 88% used [0x00000000eae00000,0x00000000eaee1a90,0x00000000eaf00000)
  to   space 1024K, 0% used [0x00000000ead00000,0x00000000ead00000,0x00000000eae00000)
 ParOldGen       total 349696K, used 349238K [0x00000000c0000000, 0x00000000d5580000, 0x00000000eab00000)
  object space 349696K, 99% used [0x00000000c0000000,0x00000000d550d8c0,0x00000000d5580000)
 Metaspace       used 72184K, committed 73728K, reserved 1179648K
  class space    used 7614K, committed 8320K, reserved 1048576K
}
Event: 9.576 GC heap before
{Heap before GC invocations=306 (full 3):
 PSYoungGen      total 3072K, used 2930K [0x00000000eab00000, 0x00000000eaf00000, 0x0000000100000000)
  eden space 2048K, 99% used [0x00000000eab00000,0x00000000eacfb058,0x00000000ead00000)
  from space 1024K, 88% used [0x00000000eae00000,0x00000000eaee1a90,0x00000000eaf00000)
  to   space 1024K, 0% used [0x00000000ead00000,0x00000000ead00000,0x00000000eae00000)
 ParOldGen       total 349696K, used 349238K [0x00000000c0000000, 0x00000000d5580000, 0x00000000eab00000)
  object space 349696K, 99% used [0x00000000c0000000,0x00000000d550d8c0,0x00000000d5580000)
 Metaspace       used 72184K, committed 73728K, reserved 1179648K
  class space    used 7614K, committed 8320K, reserved 1048576K
}
Event: 9.576 GC heap after
{Heap after GC invocations=306 (full 3):
 PSYoungGen      total 3072K, used 968K [0x00000000eab00000, 0x00000000eaf80000, 0x0000000100000000)
  eden space 2048K, 0% used [0x00000000eab00000,0x00000000eab00000,0x00000000ead00000)
  from space 1024K, 94% used [0x00000000ead00000,0x00000000eadf2148,0x00000000eae00000)
  to   space 1024K, 0% used [0x00000000eae80000,0x00000000eae80000,0x00000000eaf80000)
 ParOldGen       total 350208K, used 349823K [0x00000000c0000000, 0x00000000d5600000, 0x00000000eab00000)
  object space 350208K, 99% used [0x00000000c0000000,0x00000000d559fc00,0x00000000d5600000)
 Metaspace       used 72184K, committed 73728K, reserved 1179648K
  class space    used 7614K, committed 8320K, reserved 1048576K
}

